[2025-04-02T15:41:31.190265+04:00] app.ERROR: melar login [] []
[2025-04-02T16:05:12.046294+04:00] app.ERROR: melar login [] []
[2025-04-02T16:05:47.689853+04:00] app.INFO: melar login [] []
[2025-04-02T16:07:05.803879+04:00] app.INFO: melar login [] []
[2025-04-02T16:07:05.804113+04:00] app.ERROR: Incorrect username or password. [] []
[2025-04-02T16:07:35.598997+04:00] app.INFO: Den login [] []
[2025-04-02T16:07:35.599173+04:00] app.ERROR: Incorrect username or password. [] []
[2025-04-02T16:07:51.640592+04:00] app.INFO: melar login [] []
[2025-04-02T16:08:44.164777+04:00] app.INFO: melar login [] []
[2025-04-02T16:12:00.369013+04:00] app.INFO: rrRegistration successful! Please log in. [] []
[2025-04-02T16:16:08.887104+04:00] app.INFO: dd Registration failed! Please log in. [] []
[2025-04-02T16:19:56.310945+04:00] app.INFO: melar login [] []
[2025-04-02T16:53:15.834538+04:00] app.INFO: login.php info: Den login [] []
[2025-04-02T16:53:17.121538+04:00] app.INFO: login.php info: melar login [] []
[2025-04-02T17:45:27.547115+04:00] app.INFO: Create Post Info: Post created successfully! [] []
[2025-04-02T17:57:01.416995+04:00] app.INFO: updateAvatar success! [] []
[2025-04-02T17:57:09.122381+04:00] app.INFO: updateAvatar success! [] []
[2025-04-02T18:12:39.752062+04:00] app.INFO: Photo uploaded successfully! [] []
[2025-04-02T18:41:35.829781+04:00] app.INFO: login.php info: melar login [] []
[2025-04-02T19:34:22.347784+04:00] app.INFO: login.php info: melar login [] []
[2025-04-02T19:35:00.028987+04:00] app.INFO: login.php info: melar login [] []
